<?xml version="1.0" encoding="UTF-8"?>
<!-- Generated by org.testng.reporters.JUnitReportReporter -->
<testsuite hostname="DESKTOP-UK5P5F3" failures="0" tests="1" name="testCases.TC002_LoginTest" time="2.586" errors="0" timestamp="2025-08-26T17:08:42 IST" skipped="0">
  <testcase classname="testCases.TC002_LoginTest" name="verify_Login" time="2.586"/>
</testsuite> <!-- testCases.TC002_LoginTest -->
