<?xml version="1.0" encoding="UTF-8"?>
<!-- Generated by org.testng.reporters.JUnitReportReporter -->
<testsuite hostname="DESKTOP-UK5P5F3" failures="0" tests="1" name="testCases.TC001_AccountRegistartionTest" time="6.005" errors="0" timestamp="2025-08-26T17:08:42 IST" skipped="0">
  <testcase classname="testCases.TC001_AccountRegistartionTest" name="verify_account_registration" time="6.005"/>
</testsuite> <!-- testCases.TC001_AccountRegistartionTest -->
