<?xml version="1.0" encoding="UTF-8"?>
<!-- Generated by org.testng.reporters.JUnitReportReporter -->
<testsuite hostname="DESKTOP-UK5P5F3" failures="0" tests="1" name="testCases.TC001_AccountRegistartionTest" time="5.149" errors="0" timestamp="2025-09-01T16:13:42 IST" skipped="0">
  <testcase classname="testCases.TC001_AccountRegistartionTest" name="verify_account_registration" time="5.149"/>
</testsuite> <!-- testCases.TC001_AccountRegistartionTest -->
