<?xml version="1.0" encoding="UTF-8"?>
<!-- Generated by org.testng.reporters.JUnitReportReporter -->
<testsuite hostname="DESKTOP-UK5P5F3" failures="0" tests="1" name="testCases.TC002_LoginTest" time="3.415" errors="0" timestamp="2025-09-01T16:13:42 IST" skipped="0">
  <testcase classname="testCases.TC002_LoginTest" name="verify_Login" time="3.415"/>
</testsuite> <!-- testCases.TC002_LoginTest -->
